<?xml version="1.0" encoding="UTF-8"?>
<!-- Generated by org.testng.reporters.JUnitXMLReporter -->
<testsuite ignored="0" hostname="LAPTOP-UHSOF6P6" failures="1" tests="1" name="Test-3 " time="16.631" errors="0" timestamp="2024-05-07T12:53:43 IST">
  <testcase classname="com.comcast.crm.contacttest.CreateContactWithOrganization" name="ccwo" time="7.648">
    <failure type="java.lang.NullPointerException" message="Cannot invoke &amp;quot;org.openqa.selenium.WebElement.click()&amp;quot; because the return value of &amp;quot;com.comcast.crm.objectrepositoryutility.CreateContactWithOrgPage.getContactLink()&amp;quot; is null">
      <![CDATA[java.lang.NullPointerException: Cannot invoke "org.openqa.selenium.WebElement.click()" because the return value of "com.comcast.crm.objectrepositoryutility.CreateContactWithOrgPage.getContactLink()" is null
at com.comcast.crm.contacttest.CreateContactWithOrganization.ccwo(CreateContactWithOrganization.java:60)
at java.base/java.util.ArrayList.forEach(ArrayList.java:1511)
at java.base/java.util.concurrent.FutureTask.run(FutureTask.java:264)
at java.base/java.util.concurrent.ThreadPoolExecutor.runWorker(ThreadPoolExecutor.java:1136)
at java.base/java.util.concurrent.ThreadPoolExecutor$Worker.run(ThreadPoolExecutor.java:635)
at java.base/java.lang.Thread.run(Thread.java:833)
... Removed 17 stack frames]]>
    </failure>
  </testcase> <!-- ccwo -->
</testsuite> <!-- Test-3  -->
