<?xml version="1.0" encoding="UTF-8"?>
<!-- Generated by org.testng.reporters.JUnitReportReporter -->
<testsuite hostname="LAPTOP-UHSOF6P6" failures="0" tests="2" name="com.comcast.crm.OrgTest1.CreateContactTest" time="0.012" errors="0" timestamp="2024-05-02T11:05:51 IST" skipped="0">
  <testcase classname="com.comcast.crm.OrgTest1.CreateContactTest" name="createOrgTest" time="0.009"/>
  <system-out/>
  <testcase classname="com.comcast.crm.OrgTest1.CreateContactTest" name="createOrgWithIndustry" time="0.003"/>
  <system-out/>
</testsuite> <!-- com.comcast.crm.OrgTest1.CreateContactTest -->
