<?xml version="1.0" encoding="UTF-8"?>
<!-- Generated by org.testng.reporters.JUnitReportReporter -->
<testsuite hostname="LAPTOP-UHSOF6P6" failures="0" tests="1" name="com.comcast.crm.contacttest.CreateContactWithOrganization" time="23.944" errors="0" timestamp="2024-05-09T15:06:33 IST" skipped="0">
  <testcase classname="com.comcast.crm.contacttest.CreateContactWithOrganization" name="ccwo" time="23.944"/>
  <system-out/>
</testsuite> <!-- com.comcast.crm.contacttest.CreateContactWithOrganization -->
