<?xml version="1.0" encoding="UTF-8"?>
<!-- Generated by org.testng.reporters.JUnitReportReporter -->
<testsuite hostname="LAPTOP-UHSOF6P6" failures="0" tests="2" name="testNg.SampleTest" time="0.011" errors="0" timestamp="2024-04-30T15:03:01 IST" skipped="0">
  <testcase classname="testNg.SampleTest" name="test2" time="0.010"/>
  <system-out/>
  <testcase classname="testNg.SampleTest" name="test1" time="0.001"/>
  <system-out/>
</testsuite> <!-- testNg.SampleTest -->
