<?xml version="1.0" encoding="UTF-8"?>
<!-- Generated by org.testng.reporters.JUnitReportReporter -->
<testsuite hostname="LAPTOP-UHSOF6P6" failures="0" tests="1" name="practiceTest.SampleReportTest" time="3.399" errors="0" timestamp="2024-05-09T10:10:19 IST" skipped="0">
  <testcase classname="practiceTest.SampleReportTest" name="createContactTest" time="3.399"/>
  <system-out/>
</testsuite> <!-- practiceTest.SampleReportTest -->
