<?xml version="1.0" encoding="UTF-8"?>
<!-- Generated by org.testng.reporters.JUnitReportReporter -->
<testsuite hostname="LAPTOP-UHSOF6P6" failures="0" tests="1" name="pom.repository.SampleTestWithPom" time="7.829" errors="0" timestamp="2024-04-25T17:51:26 IST" skipped="0">
  <testcase classname="pom.repository.SampleTestWithPom" name="sampleTest" time="7.829"/>
  <system-out/>
</testsuite> <!-- pom.repository.SampleTestWithPom -->
