<?xml version="1.0" encoding="UTF-8"?>
<!-- Generated by org.testng.reporters.JUnitReportReporter -->
<testsuite hostname="LAPTOP-UHSOF6P6" failures="0" tests="2" name="testNg.DataProvider" time="0.009" errors="0" timestamp="2024-04-30T11:21:35 IST" skipped="0">
  <testcase classname="testNg.DataProvider" name="getData" time="0.008"/>
  <system-out/>
  <testcase classname="testNg.DataProvider" name="getData" time="0.001"/>
  <system-out/>
</testsuite> <!-- testNg.DataProvider -->
